<?xml version="1.0" encoding="UTF-8"?>
<testsuite xmlns:xsi="http://www.w3.org/2001/XMLSchema-instance" xsi:noNamespaceSchemaLocation="https://maven.apache.org/surefire/maven-surefire-plugin/xsd/surefire-test-report-3.0.xsd" version="3.0" name="flightapp.FlightServiceTest" time="58.39" tests="10" errors="0" skipped="0" failures="0">
  <properties>
[...]
</properties>
  <testcase name="runTest[0]" classname="flightapp.FlightServiceTest" time="7.984"/>
  <testcase name="runTest[1]" classname="flightapp.FlightServiceTest" time="4.743"/>
  <testcase name="runTest[2]" classname="flightapp.FlightServiceTest" time="7.35"/>
  <testcase name="runTest[3]" classname="flightapp.FlightServiceTest" time="6.98"/>
  <testcase name="runTest[4]" classname="flightapp.FlightServiceTest" time="7.112"/>
  <testcase name="runTest[5]" classname="flightapp.FlightServiceTest" time="7.074"/>
  <testcase name="runTest[6]" classname="flightapp.FlightServiceTest" time="8.145"/>
  <testcase name="runTest[7]" classname="flightapp.FlightServiceTest" time="1.008"/>
  <testcase name="runTest[8]" classname="flightapp.FlightServiceTest" time="2.101"/>
  <testcase name="runTest[9]" classname="flightapp.FlightServiceTest" time="1.098"/>
</testsuite>